-------------------------------------------------------------------------------
Test set: com.practice.bank.BankApplicationTests
-------------------------------------------------------------------------------
Tests run: 1, Failures: 0, Errors: 1, Skipped: 0, Time elapsed: 24.64 s <<< FAILURE! - in com.practice.bank.BankApplicationTests
contextLoads  Time elapsed: 0.008 s  <<< ERROR!
java.lang.IllegalStateException: Failed to load ApplicationContext
Caused by: org.springframework.beans.factory.BeanCreationException: Error creating bean with name 'entityManagerFactory' defined in class path resource [org/springframework/boot/autoconfigure/orm/jpa/HibernateJpaConfiguration.class]: Invocation of init method failed; nested exception is org.hibernate.AnnotationException: @Column(s) not allowed on a @ManyToOne property: com.practice.bank.services.DTOobjects.TransactionEntity.customer
Caused by: org.hibernate.AnnotationException: @Column(s) not allowed on a @ManyToOne property: com.practice.bank.services.DTOobjects.TransactionEntity.customer

